<?xml version="1.0" encoding="UTF-8"?>
<!-- Generated by org.testng.reporters.JUnitXMLReporter -->
<testsuite ignored="0" hostname="GurjeetSushil" failures="0" tests="3" name="Default test" time="2.009" errors="0" timestamp="2024-04-04T16:51:22 BST">
  <testcase classname="zodiaTest.testZodia" name="plant" time="1.73"/>
  <testcase classname="zodiaTest.testZodia" name="plant" time="0.084"/>
  <testcase classname="zodiaTest.testZodia" name="plantlist" time="0.144"/>
</testsuite> <!-- Default test -->
