<?xml version="1.0" encoding="UTF-8"?>
<!-- Generated by org.testng.reporters.JUnitXMLReporter -->
<testsuite ignored="0" hostname="GurjeetSushil" failures="0" tests="3" name="Default test" time="1.968" errors="0" timestamp="2024-04-04T16:25:38 BST">
  <testcase classname="zodiaTest.testZodia" name="plant" time="1.717"/>
  <testcase classname="zodiaTest.testZodia" name="plant" time="0.091"/>
  <testcase classname="zodiaTest.testZodia" name="plantlist" time="0.123"/>
</testsuite> <!-- Default test -->
