<?xml version="1.0" encoding="UTF-8"?>
<testng-results ignored="0" total="3" passed="3" failed="0" skipped="0">
  <reporter-output>
  </reporter-output>
  <suite started-at="2024-04-04T16:51:20 BST" name="Default suite" finished-at="2024-04-04T16:51:22 BST" duration-ms="2009">
    <groups>
    </groups>
    <test started-at="2024-04-04T16:51:20 BST" name="Default test" finished-at="2024-04-04T16:51:22 BST" duration-ms="2009">
      <class name="zodiaTest.testZodia">
        <test-method signature="plant(java.lang.String,int)[pri:0, instance:zodiaTest.testZodia@68b6f0d6]" started-at="2024-04-04T16:51:20 BST" name="plant" data-provider="authdata" finished-at="2024-04-04T16:51:22 BST" duration-ms="1730" status="PASS">
          <params>
            <param index="0">
              <value>
                <![CDATA[mgrV-WrockCPe4COtTrnb_L9XR0CG3ck15rSysP-PXk]]>
              </value>
            </param>
            <param index="1">
              <value>
                <![CDATA[200]]>
              </value>
            </param>
          </params>
          <reporter-output>
          </reporter-output>
        </test-method> <!-- plant -->
        <test-method signature="plant(java.lang.String,int)[pri:0, instance:zodiaTest.testZodia@68b6f0d6]" started-at="2024-04-04T16:51:22 BST" name="plant" data-provider="authdata" finished-at="2024-04-04T16:51:22 BST" duration-ms="84" status="PASS">
          <params>
            <param index="0">
              <value>
                <![CDATA[mgrV-WrockCPe4COtTrnb_L9XR0CG3ck15rSysP-123]]>
              </value>
            </param>
            <param index="1">
              <value>
                <![CDATA[401]]>
              </value>
            </param>
          </params>
          <reporter-output>
          </reporter-output>
        </test-method> <!-- plant -->
        <test-method signature="plantlist()[pri:0, instance:zodiaTest.testZodia@68b6f0d6]" started-at="2024-04-04T16:51:22 BST" name="plantlist" finished-at="2024-04-04T16:51:22 BST" duration-ms="144" status="PASS">
          <reporter-output>
          </reporter-output>
        </test-method> <!-- plantlist -->
      </class> <!-- zodiaTest.testZodia -->
    </test> <!-- Default test -->
  </suite> <!-- Default suite -->
</testng-results>
